23:46:22  INFO  tests.TestBase - Start method: SearchTestByTypeNegative
23:46:22  INFO  application.MyListener - Start find element by------>  
23:46:22  INFO  application.MyListener - The element  ---> By.xpath: //a[@href='/'] was found
23:46:23  INFO  application.MyListener - Start find element by------>  
23:46:23  INFO  application.MyListener - The element  ---> By.id: city was found
23:46:23  INFO  application.MyListener - Start find element by------>  
23:46:23  INFO  application.MyListener - The element  ---> By.cssSelector: div.pac-item was found
23:46:24  INFO  application.MyListener - Start find element by------>  
23:46:24  INFO  application.MyListener - The element  ---> By.id: dates was found
23:46:24  INFO  application.MyListener - Start find element by------>  
23:46:24  INFO  application.MyListener - The element  ---> By.cssSelector: .cdk-overlay-container was found
23:46:25  INFO  application.MyListener - Start find element by------>  
23:46:25  INFO  application.MyListener - The element  ---> By.xpath: //button[@type='submit'] was found
23:46:25  INFO  tests.TestBase - End of test -->SearchTestByTypeNegative
23:46:25  INFO  tests.TestBase - Start method: searchDataBySelectCurrentMonth
23:46:25  INFO  application.MyListener - Start find element by------>  
23:46:25  INFO  application.MyListener - The element  ---> By.xpath: //a[@href='/'] was found
23:46:25  INFO  application.MyListener - Start find element by------>  
23:46:25  INFO  application.MyListener - The element  ---> By.id: city was found
23:46:25  INFO  application.MyListener - Start find element by------>  
23:46:26  INFO  application.MyListener - The element  ---> By.cssSelector: div.pac-item was found
23:46:26  INFO  application.MyListener - Start find element by------>  
23:46:26  INFO  application.MyListener - The element  ---> By.id: dates was found
23:46:26  INFO  application.MyListener - Start find element by------>  
23:46:26  INFO  application.MyListener - The element  ---> By.xpath: //div[text()=' 25 '] was found
23:46:26  INFO  application.MyListener - Start find element by------>  
23:46:26  INFO  application.MyListener - The element  ---> By.xpath: //div[text()=' 30 '] was found
23:46:27  INFO  application.MyListener - Start find element by------>  
23:46:27  INFO  application.MyListener - The element  ---> By.xpath: //button[@type='submit'] was found
23:46:27  INFO  application.MyListener - Start find element by------>  
23:46:27  INFO  application.MyListener - The element  ---> By.cssSelector: .search-results was found
23:46:27  INFO  tests.TestBase - End of test -->searchDataBySelectCurrentMonth
23:46:27  INFO  tests.TestBase - Start method: searchDataInFuture
23:46:27  INFO  application.MyListener - Start find element by------>  
23:46:27  INFO  application.MyListener - The element  ---> By.xpath: //a[@href='/'] was found
23:46:27  INFO  application.MyListener - Start find element by------>  
23:46:27  INFO  application.MyListener - The element  ---> By.id: city was found
23:46:28  INFO  application.MyListener - Start find element by------>  
23:46:28  INFO  application.MyListener - The element  ---> By.cssSelector: div.pac-item was found
23:46:28  INFO  application.MyListener - Start find element by------>  
23:46:28  INFO  application.MyListener - The element  ---> By.id: dates was found
23:46:28  INFO  application.MyListener - Start find element by------>  
23:46:28  INFO  application.MyListener - The element  ---> By.xpath: //button[@aria-label='Next month'] was found
23:46:29  INFO  application.MyListener - Start find element by------>  
23:46:29  INFO  application.MyListener - The element  ---> By.xpath: //div[text()=' 15 '] was found
23:46:29  INFO  application.MyListener - Start find element by------>  
23:46:29  INFO  application.MyListener - The element  ---> By.xpath: //button[@aria-label='Next month'] was found
23:46:29  INFO  application.MyListener - Start find element by------>  
23:46:29  INFO  application.MyListener - The element  ---> By.xpath: //div[text()=' 15 '] was found
23:46:29  INFO  application.MyListener - Start find element by------>  
23:46:29  INFO  application.MyListener - The element  ---> By.xpath: //button[@type='submit'] was found
23:46:29  INFO  tests.TestBase - End of test -->searchDataInFuture
23:46:29  INFO  tests.TestBase - Start method: searchTestByType
23:46:29  INFO  application.MyListener - Start find element by------>  
23:46:29  INFO  application.MyListener - The element  ---> By.xpath: //a[@href='/'] was found
23:46:29  INFO  application.MyListener - Start find element by------>  
23:46:29  INFO  application.MyListener - The element  ---> By.id: city was found
23:46:30  INFO  application.MyListener - Start find element by------>  
23:46:30  INFO  application.MyListener - The element  ---> By.cssSelector: div.pac-item was found
23:46:30  INFO  application.MyListener - Start find element by------>  
23:46:30  INFO  application.MyListener - The element  ---> By.id: dates was found
23:46:31  INFO  application.MyListener - Start find element by------>  
23:46:31  INFO  application.MyListener - The element  ---> By.cssSelector: .cdk-overlay-container was found
23:46:31  INFO  application.MyListener - Start find element by------>  
23:46:31  INFO  application.MyListener - The element  ---> By.xpath: //button[@type='submit'] was found
23:46:31  INFO  application.MyListener - Start find element by------>  
23:46:41  INFO  application.MyListener - The element  ---> By.cssSelector: .search-results was found
23:46:41  INFO  tests.TestBase - End of test -->searchTestByType
