02:48:53  INFO  tests.TestBase - Start method: rentWithoutLogin
02:48:53  INFO  application.MyListener - Start find element by------>  
02:48:53  INFO  application.MyListener - The element  ---> By.id: city was found
02:48:53  INFO  application.MyListener - Start find element by------>  
02:48:54  INFO  application.MyListener - The element  ---> By.cssSelector: div.pac-item was found
02:48:54  INFO  application.MyListener - Start find element by------>  
02:48:54  INFO  application.MyListener - The element  ---> By.id: dates was found
02:48:55  INFO  application.MyListener - Start find element by------>  
02:48:55  INFO  application.MyListener - The element  ---> By.cssSelector: .cdk-overlay-container was found
02:48:55  INFO  application.MyListener - Start find element by------>  
02:48:55  INFO  application.MyListener - The element  ---> By.xpath: //button[@type='submit'] was found
02:48:55  INFO  application.MyListener - Start find element by------>  
02:48:55  INFO  application.MyListener - The element  ---> By.cssSelector: .search-results was found
02:48:55  INFO  application.MyListener - Start find element by------>  
02:48:56  INFO  application.MyListener - The element  ---> By.xpath: //span[text()='Volvo V40'] was found
02:48:57  INFO  application.MyListener - Start find element by------>  
02:48:57  INFO  application.MyListener - The element  ---> By.xpath: //button[.='Rent now!! '] was found
02:48:57  INFO  application.MyListener - Start find element by------>  
02:48:57  INFO  application.MyListener - The element  ---> By.xpath: //a[.=' Log in '] was found
02:48:57  INFO  application.MyListener - Start find element by------>  
02:48:57  INFO  application.MyListener - The element  ---> By.xpath: //input[@id='email'] was found
02:48:58  INFO  application.MyListener - Start find element by------>  
02:48:58  INFO  application.MyListener - The element  ---> By.xpath: //input[@id='password'] was found
02:48:58  INFO  application.MyListener - Start find element by------>  
02:48:58  INFO  application.MyListener - The element  ---> By.xpath: //button[@type='submit'] was found
02:48:59  INFO  application.MyListener - Start find element by------>  
02:48:59  INFO  application.MyListener - The element  ---> By.xpath: //button[.='Rent now!! '] was found
02:48:59  INFO  application.MyListener - Start find element by------>  
02:48:59  INFO  application.MyListener - The element  ---> By.xpath: //input[@id='phone'] was found
02:48:59  INFO  application.MyListener - Start find element by------>  
02:48:59  INFO  application.MyListener - The element  ---> By.xpath: //button[@type='submit'] was found
02:49:00  INFO  application.MyListener - Start find element by------>  
02:49:00  INFO  application.MyListener - The element  ---> By.xpath: //div[@class='dialog-container']//h1[@class='title'] was found
02:49:00  INFO  application.MyListener - Start find element by------>  
02:49:00  INFO  application.MyListener - The element  ---> By.xpath: //button[@class='positive-button ng-star-inserted'] was found
02:49:01  INFO  tests.TestBase - End of test -->rentWithoutLogin
