02:00:24  INFO  tests.TestBase - Start method: rentWithoutLogin
02:00:24  INFO  application.MyListener - Start find element by------>  
02:00:24  INFO  application.MyListener - The element  ---> By.id: city was found
02:00:24  INFO  application.MyListener - Start find element by------>  
02:00:25  INFO  application.MyListener - The element  ---> By.cssSelector: div.pac-item was found
02:00:25  INFO  application.MyListener - Start find element by------>  
02:00:25  INFO  application.MyListener - The element  ---> By.id: dates was found
02:00:26  INFO  application.MyListener - Start find element by------>  
02:00:26  INFO  application.MyListener - The element  ---> By.cssSelector: .cdk-overlay-container was found
02:00:26  INFO  application.MyListener - Start find element by------>  
02:00:26  INFO  application.MyListener - The element  ---> By.xpath: //button[@type='submit'] was found
02:00:26  INFO  application.MyListener - Start find element by------>  
02:00:26  INFO  application.MyListener - The element  ---> By.cssSelector: .search-results was found
02:00:26  INFO  application.MyListener - Start find element by------>  
02:00:27  INFO  application.MyListener - The element  ---> By.xpath: //span[text()='BMW M5'] was found
02:00:28  INFO  application.MyListener - Start find element by------>  
02:00:28  INFO  application.MyListener - The element  ---> By.xpath: //button[.='Rent now!! '] was found
02:00:29  INFO  application.MyListener - Start find element by------>  
02:00:29  INFO  application.MyListener - The element  ---> By.xpath: //a[.=' Log in '] was found
02:00:29  INFO  application.MyListener - Start find element by------>  
02:00:29  INFO  application.MyListener - The element  ---> By.xpath: //input[@id='email'] was found
02:00:29  INFO  application.MyListener - Start find element by------>  
02:00:29  INFO  application.MyListener - The element  ---> By.xpath: //input[@id='password'] was found
02:00:29  INFO  application.MyListener - Start find element by------>  
02:00:29  INFO  application.MyListener - The element  ---> By.xpath: //button[@type='submit'] was found
02:00:30  INFO  application.MyListener - Start find element by------>  
02:00:30  INFO  application.MyListener - The element  ---> By.xpath: //button[.='Rent now!! '] was found
02:00:30  INFO  application.MyListener - Start find element by------>  
02:00:30  INFO  application.MyListener - The element  ---> By.xpath: //input[@id='phone'] was found
02:00:31  INFO  application.MyListener - Start find element by------>  
02:00:31  INFO  application.MyListener - The element  ---> By.xpath: //button[@type='submit'] was found
02:00:31  INFO  application.MyListener - Start find element by------>  
02:00:31  INFO  application.MyListener - The element  ---> By.xpath: //div[@class='dialog-container']//h1[@class='title'] was found
02:00:32  INFO  tests.TestBase - End of test -->rentWithoutLogin
