00:47:41  INFO  tests.TestBase - Start method: rentWithLogin
00:47:41  INFO  application.MyListener - Start find element by------>  
00:47:41  INFO  application.MyListener - The element  ---> By.id: city was found
00:47:42  INFO  application.MyListener - Start find element by------>  
00:47:42  INFO  application.MyListener - The element  ---> By.cssSelector: div.pac-item was found
00:47:43  INFO  application.MyListener - Start find element by------>  
00:47:43  INFO  application.MyListener - The element  ---> By.id: dates was found
00:47:43  INFO  application.MyListener - Start find element by------>  
00:47:43  INFO  application.MyListener - The element  ---> By.cssSelector: .cdk-overlay-container was found
00:47:43  INFO  application.MyListener - Start find element by------>  
00:47:43  INFO  application.MyListener - The element  ---> By.xpath: //button[@type='submit'] was found
00:47:43  INFO  application.MyListener - Start find element by------>  
00:47:43  INFO  application.MyListener - The element  ---> By.cssSelector: .search-results was found
00:47:43  INFO  application.MyListener - Start find element by------>  
00:47:44  INFO  application.MyListener - The element  ---> By.xpath: //span[text()='Volvo V40'] was found
00:47:50  INFO  application.MyListener - Start find element by------>  
00:47:50  INFO  application.MyListener - The element  ---> By.xpath: //button[.='Rent now!! '] was found
00:47:50  INFO  application.MyListener - Start find element by------>  
00:48:00  INFO  application.MyListener - The element  ---> By.xpath: //a[text()=' Logout '] was found
00:48:00  INFO  application.MyListener - Start find element by------>  
00:48:00  INFO  application.MyListener - The element  ---> By.xpath: //input[@id='email'] was found
00:48:00  INFO  application.MyListener - Start find element by------>  
00:48:00  INFO  application.MyListener - The element  ---> By.xpath: //input[@id='password'] was found
00:48:01  INFO  application.MyListener - Start find element by------>  
00:48:01  INFO  application.MyListener - The element  ---> By.xpath: //button[@type='submit'] was found
00:48:01  INFO  tests.TestBase - End of test -->rentWithLogin
