02:37:39  INFO  tests.TestBase - Start method: rentWithoutLogin
02:37:39  INFO  application.MyListener - Start find element by------>  
02:37:39  INFO  application.MyListener - The element  ---> By.id: city was found
02:37:39  INFO  application.MyListener - Start find element by------>  
02:37:39  INFO  application.MyListener - The element  ---> By.cssSelector: div.pac-item was found
02:37:40  INFO  application.MyListener - Start find element by------>  
02:37:40  INFO  application.MyListener - The element  ---> By.id: dates was found
02:37:40  INFO  application.MyListener - Start find element by------>  
02:37:40  INFO  application.MyListener - The element  ---> By.cssSelector: .cdk-overlay-container was found
02:37:41  INFO  application.MyListener - Start find element by------>  
02:37:41  INFO  application.MyListener - The element  ---> By.xpath: //button[@type='submit'] was found
02:37:41  INFO  application.MyListener - Start find element by------>  
02:37:41  INFO  application.MyListener - The element  ---> By.cssSelector: .search-results was found
02:37:41  INFO  application.MyListener - Start find element by------>  
02:37:41  INFO  application.MyListener - The element  ---> By.xpath: //span[text()='BMW M5'] was found
02:37:43  INFO  application.MyListener - Start find element by------>  
02:37:43  INFO  application.MyListener - The element  ---> By.xpath: //button[.='Rent now!! '] was found
02:37:43  INFO  application.MyListener - Start find element by------>  
02:37:43  INFO  application.MyListener - The element  ---> By.xpath: //a[.=' Log in '] was found
02:37:43  INFO  application.MyListener - Start find element by------>  
02:37:53  INFO  application.MyListener - We have a throwable --> no such element: Unable to locate element: {"method":"xpath","selector":"//input[@id='email']"}
  (Session info: chrome=95.0.4638.54)
For documentation on this error, please visit: https://www.seleniumhq.org/exceptions/no_such_element.html
Build info: version: '3.141.59', revision: 'e82be7d358', time: '2018-11-14T08:17:03'
System info: host: 'MacBook-Air-Gennadij-2.local', ip: '2a10:8006:ea6f:0:9ddf:beee:934b:4e85%en0', os.name: 'Mac OS X', os.arch: 'x86_64', os.version: '11.5', java.version: '11.0.12'
Driver info: org.openqa.selenium.chrome.ChromeDriver
Capabilities {acceptInsecureCerts: false, browserName: chrome, browserVersion: 95.0.4638.54, chrome: {chromedriverVersion: 95.0.4638.17 (a9d0719444d4b..., userDataDir: /var/folders/n8/jzp58rb134n...}, goog:chromeOptions: {debuggerAddress: localhost:57399}, javascriptEnabled: true, networkConnectionEnabled: false, pageLoadStrategy: normal, platform: MAC, platformName: MAC, proxy: Proxy(), setWindowRect: true, strictFileInteractability: false, timeouts: {implicit: 0, pageLoad: 300000, script: 30000}, unhandledPromptBehavior: dismiss and notify, webauthn:extension:credBlob: true, webauthn:extension:largeBlob: true, webauthn:virtualAuthenticators: true}
Session ID: 0047933442cb21e8df4e227669f0ce6d
*** Element info: {Using=xpath, value=//input[@id='email']}
02:37:53  INFO  application.MyListener - We have a throwable --> org.openqa.selenium.NoSuchElementException: no such element: Unable to locate element: {"method":"xpath","selector":"//input[@id='email']"}
  (Session info: chrome=95.0.4638.54)
For documentation on this error, please visit: https://www.seleniumhq.org/exceptions/no_such_element.html
Build info: version: '3.141.59', revision: 'e82be7d358', time: '2018-11-14T08:17:03'
System info: host: 'MacBook-Air-Gennadij-2.local', ip: '2a10:8006:ea6f:0:9ddf:beee:934b:4e85%en0', os.name: 'Mac OS X', os.arch: 'x86_64', os.version: '11.5', java.version: '11.0.12'
Driver info: org.openqa.selenium.chrome.ChromeDriver
Capabilities {acceptInsecureCerts: false, browserName: chrome, browserVersion: 95.0.4638.54, chrome: {chromedriverVersion: 95.0.4638.17 (a9d0719444d4b..., userDataDir: /var/folders/n8/jzp58rb134n...}, goog:chromeOptions: {debuggerAddress: localhost:57399}, javascriptEnabled: true, networkConnectionEnabled: false, pageLoadStrategy: normal, platform: MAC, platformName: MAC, proxy: Proxy(), setWindowRect: true, strictFileInteractability: false, timeouts: {implicit: 0, pageLoad: 300000, script: 30000}, unhandledPromptBehavior: dismiss and notify, webauthn:extension:credBlob: true, webauthn:extension:largeBlob: true, webauthn:virtualAuthenticators: true}
Session ID: 0047933442cb21e8df4e227669f0ce6d
*** Element info: {Using=xpath, value=//input[@id='email']}
02:37:54  INFO  application.MyListener - Screen with throwable --->src/test/screenshots/screen-2273.png
02:37:54  INFO  tests.TestBase - End of test -->rentWithoutLogin
