02:53:06  INFO  tests.TestBase - Start method: rentWithLogin
02:53:06  INFO  application.MyListener - Start find element by------>  
02:53:06  INFO  application.MyListener - The element  ---> By.id: city was found
02:53:06  INFO  application.MyListener - Start find element by------>  
02:53:06  INFO  application.MyListener - The element  ---> By.cssSelector: div.pac-item was found
02:53:07  INFO  application.MyListener - Start find element by------>  
02:53:07  INFO  application.MyListener - The element  ---> By.id: dates was found
02:53:07  INFO  application.MyListener - Start find element by------>  
02:53:07  INFO  application.MyListener - The element  ---> By.cssSelector: .cdk-overlay-container was found
02:53:07  INFO  application.MyListener - Start find element by------>  
02:53:08  INFO  application.MyListener - The element  ---> By.xpath: //button[@type='submit'] was found
02:53:08  INFO  application.MyListener - Start find element by------>  
02:53:08  INFO  application.MyListener - The element  ---> By.cssSelector: .search-results was found
02:53:08  INFO  application.MyListener - Start find element by------>  
02:53:08  INFO  application.MyListener - The element  ---> By.xpath: //span[text()='Volvo S60'] was found
02:53:10  INFO  application.MyListener - Start find element by------>  
02:53:10  INFO  application.MyListener - The element  ---> By.xpath: //button[.='Rent now!! '] was found
02:53:10  INFO  application.MyListener - Start find element by------>  
02:53:20  INFO  application.MyListener - The element  ---> By.xpath: //a[text()=' Logout '] was found
02:53:20  INFO  tests.TestBase - End of test -->rentWithLogin
