00:23:31  INFO  tests.TestBase - Start method: rentWithLogin
00:23:31  INFO  application.MyListener - Start find element by------>  
00:23:31  INFO  application.MyListener - The element  ---> By.id: city was found
00:23:31  INFO  application.MyListener - Start find element by------>  
00:23:32  INFO  application.MyListener - The element  ---> By.cssSelector: div.pac-item was found
00:23:32  INFO  application.MyListener - Start find element by------>  
00:23:32  INFO  application.MyListener - The element  ---> By.id: dates was found
00:23:33  INFO  application.MyListener - Start find element by------>  
00:23:33  INFO  application.MyListener - The element  ---> By.cssSelector: .cdk-overlay-container was found
00:23:33  INFO  application.MyListener - Start find element by------>  
00:23:33  INFO  application.MyListener - The element  ---> By.xpath: //button[@type='submit'] was found
00:23:33  INFO  application.MyListener - Start find element by------>  
00:23:33  INFO  application.MyListener - The element  ---> By.cssSelector: .search-results was found
00:23:33  INFO  application.MyListener - Start find element by------>  
00:23:33  INFO  application.MyListener - The element  ---> By.cssSelector: .search-results was found
00:23:33  INFO  application.MyListener - Start find element by------>  
00:23:34  INFO  application.MyListener - The element  ---> By.xpath: //span[text()='Volvo V40'] was found
00:23:35  INFO  application.MyListener - Start find element by------>  
00:23:45  INFO  application.MyListener - The element  ---> By.xpath: //a[text()=' Logout '] was found
00:23:45  INFO  tests.TestBase - End of test -->rentWithLogin
