10:40:47  INFO  tests.TestBase - Start method: loginSuccessModel
10:40:47  INFO  application.MyListener - Start find element by------>  
10:40:57  INFO  application.MyListener - The element  ---> By.xpath: //a[text()=' Logout '] was found
10:40:57  INFO  application.MyListener - Start find element by------>  
10:40:57  INFO  application.MyListener - The element  ---> By.xpath: //a[text()=' Log in '] was found
10:40:57  INFO  application.MyListener - Start find element by------>  
10:40:57  INFO  application.MyListener - The element  ---> By.id: email was found
10:40:58  INFO  application.MyListener - Start find element by------>  
10:40:58  INFO  application.MyListener - The element  ---> By.id: password was found
10:40:58  INFO  application.MyListener - Start find element by------>  
10:40:58  INFO  application.MyListener - The element  ---> By.xpath: //button[@type='submit'] was found
10:40:58  INFO  application.MyListener - Start find element by------>  
10:40:58  INFO  application.MyListener - The element  ---> By.xpath: //a[.=' Log in '] was found
10:40:58  INFO  application.MyListener - Start find element by------>  
10:40:58  INFO  application.MyListener - The element  ---> By.xpath: //button[.='Ok'] was found
10:40:58  INFO  application.MyListener - Start find element by------>  
10:40:59  INFO  application.MyListener - The element  ---> By.xpath: //button[.='Ok'] was found
10:40:59  INFO  tests.TestBase - End of test -->loginSuccessModel
10:40:59  INFO  tests.TestBase - Start method: loginSuccessModel
10:40:59  INFO  application.MyListener - Start find element by------>  
10:40:59  INFO  application.MyListener - The element  ---> By.xpath: //a[text()=' Logout '] was found
10:40:59  INFO  application.MyListener - Start find element by------>  
10:40:59  INFO  application.MyListener - The element  ---> By.xpath: //a[text()=' Logout '] was found
10:40:59  INFO  application.MyListener - Start find element by------>  
10:40:59  INFO  application.MyListener - The element  ---> By.xpath: //a[text()=' Log in '] was found
10:40:59  INFO  application.MyListener - Start find element by------>  
10:40:59  INFO  application.MyListener - The element  ---> By.id: email was found
10:40:59  INFO  application.MyListener - Start find element by------>  
10:40:59  INFO  application.MyListener - The element  ---> By.id: password was found
10:40:59  INFO  application.MyListener - Start find element by------>  
10:40:59  INFO  application.MyListener - The element  ---> By.xpath: //button[@type='submit'] was found
10:40:59  INFO  application.MyListener - Start find element by------>  
10:40:59  INFO  application.MyListener - The element  ---> By.xpath: //a[.=' Log in '] was found
10:40:59  INFO  application.MyListener - Start find element by------>  
10:41:00  INFO  application.MyListener - The element  ---> By.xpath: //button[.='Ok'] was found
10:41:00  INFO  application.MyListener - Start find element by------>  
10:41:00  INFO  application.MyListener - The element  ---> By.xpath: //button[.='Ok'] was found
10:41:00  INFO  tests.TestBase - End of test -->loginSuccessModel
10:41:00  INFO  tests.TestBase - Start method: loginSuccessModel
10:41:00  INFO  application.MyListener - Start find element by------>  
10:41:10  INFO  application.MyListener - The element  ---> By.xpath: //a[text()=' Logout '] was found
10:41:10  INFO  application.MyListener - Start find element by------>  
10:41:10  INFO  application.MyListener - The element  ---> By.xpath: //a[text()=' Log in '] was found
10:41:10  INFO  application.MyListener - Start find element by------>  
10:41:10  INFO  application.MyListener - The element  ---> By.id: email was found
10:41:10  INFO  application.MyListener - Start find element by------>  
10:41:10  INFO  application.MyListener - The element  ---> By.id: password was found
10:41:10  INFO  application.MyListener - Start find element by------>  
10:41:10  INFO  application.MyListener - The element  ---> By.xpath: //button[@type='submit'] was found
10:41:10  INFO  application.MyListener - Start find element by------>  
10:41:10  INFO  application.MyListener - The element  ---> By.xpath: //a[.=' Log in '] was found
10:41:10  INFO  application.MyListener - Start find element by------>  
10:41:11  INFO  application.MyListener - The element  ---> By.xpath: //button[.='Ok'] was found
10:41:11  INFO  application.MyListener - Start find element by------>  
10:41:11  INFO  application.MyListener - The element  ---> By.xpath: //button[.='Ok'] was found
10:41:11  INFO  tests.TestBase - End of test -->loginSuccessModel
